# JRE version: OpenJDK Runtime Environment (8.0_162-b12) (build 1.8.0_162-8u162-b12-0ubuntu0.16.04.2-b12)
# Java VM: OpenJDK 64-Bit Server VM (25.162-b12 mixed mode linux-amd64 compressed oops)
Heap:
 PSYoungGen      total 263168K, used 198819K [0x00000000e7000000, 0x00000000f9d00000, 0x0000000100000000)
  eden space 226816K, 74% used [0x00000000e7000000,0x00000000f14eec08,0x00000000f4d80000)
  from space 36352K, 82% used [0x00000000f7400000,0x00000000f913a018,0x00000000f9780000)
  to   space 39424K, 0% used [0x00000000f4d80000,0x00000000f4d80000,0x00000000f7400000)
 ParOldGen       total 347136K, used 292248K [0x00000000b5000000, 0x00000000ca300000, 0x00000000e7000000)
  object space 347136K, 84% used [0x00000000b5000000,0x00000000c6d66228,0x00000000ca300000)
 Metaspace       used 171372K, capacity 190654K, committed 190720K, reserved 1216512K
  class space    used 18818K, capacity 24042K, committed 24064K, reserved 1048576K
GC Heap History (10 events):
Event: 3991,268 GC heap before
{Heap before GC invocations=207 (full 11):
 PSYoungGen      total 251904K, used 240325K [0x00000000e7000000, 0x00000000f7f00000, 0x0000000100000000)
  eden space 226816K, 100% used [0x00000000e7000000,0x00000000f4d80000,0x00000000f4d80000)
  from space 25088K, 53% used [0x00000000f4d80000,0x00000000f5ab14b8,0x00000000f6600000)
  to   space 24576K, 0% used [0x00000000f6700000,0x00000000f6700000,0x00000000f7f00000)
 ParOldGen       total 347136K, used 289029K [0x00000000b5000000, 0x00000000ca300000, 0x00000000e7000000)
  object space 347136K, 83% used [0x00000000b5000000,0x00000000c6a41590,0x00000000ca300000)
 Metaspace       used 169998K, capacity 188770K, committed 188928K, reserved 1214464K
  class space    used 18677K, capacity 23797K, committed 23808K, reserved 1048576K
Event: 3991,284 GC heap after
Heap after GC invocations=207 (full 11):
 PSYoungGen      total 251904K, used 12377K [0x00000000e7000000, 0x00000000f7e00000, 0x0000000100000000)
  eden space 228352K, 0% used [0x00000000e7000000,0x00000000e7000000,0x00000000f4f00000)
  from space 23552K, 52% used [0x00000000f6700000,0x00000000f7316618,0x00000000f7e00000)
  to   space 24064K, 0% used [0x00000000f4f00000,0x00000000f4f00000,0x00000000f6680000)
 ParOldGen       total 347136K, used 289061K [0x00000000b5000000, 0x00000000ca300000, 0x00000000e7000000)
  object space 347136K, 83% used [0x00000000b5000000,0x00000000c6a49590,0x00000000ca300000)
 Metaspace       used 169998K, capacity 188770K, committed 188928K, reserved 1214464K
  class space    used 18677K, capacity 23797K, committed 23808K, reserved 1048576K
}
Event: 4005,729 GC heap before
{Heap before GC invocations=208 (full 11):
 PSYoungGen      total 251904K, used 240729K [0x00000000e7000000, 0x00000000f7e00000, 0x0000000100000000)
  eden space 228352K, 100% used [0x00000000e7000000,0x00000000f4f00000,0x00000000f4f00000)
  from space 23552K, 52% used [0x00000000f6700000,0x00000000f7316618,0x00000000f7e00000)
  to   space 24064K, 0% used [0x00000000f4f00000,0x00000000f4f00000,0x00000000f6680000)
 ParOldGen       total 347136K, used 289061K [0x00000000b5000000, 0x00000000ca300000, 0x00000000e7000000)
  object space 347136K, 83% used [0x00000000b5000000,0x00000000c6a49590,0x00000000ca300000)
 Metaspace       used 170040K, capacity 188782K, committed 188928K, reserved 1214464K
  class space    used 18678K, capacity 23799K, committed 23808K, reserved 1048576K
Event: 4005,773 GC heap after
Heap after GC invocations=208 (full 11):
 PSYoungGen      total 252416K, used 24061K [0x00000000e7000000, 0x00000000f8700000, 0x0000000100000000)
  eden space 228352K, 0% used [0x00000000e7000000,0x00000000e7000000,0x00000000f4f00000)
  from space 24064K, 99% used [0x00000000f4f00000,0x00000000f667f5f0,0x00000000f6680000)
  to   space 27648K, 0% used [0x00000000f6c00000,0x00000000f6c00000,0x00000000f8700000)
 ParOldGen       total 347136K, used 289806K [0x00000000b5000000, 0x00000000ca300000, 0x00000000e7000000)
  object space 347136K, 83% used [0x00000000b5000000,0x00000000c6b03ba8,0x00000000ca300000)
 Metaspace       used 170040K, capacity 188782K, committed 188928K, reserved 1214464K
  class space    used 18678K, capacity 23799K, committed 23808K, reserved 1048576K
}
Event: 4009,626 GC heap before
{Heap before GC invocations=209 (full 11):
 PSYoungGen      total 252416K, used 252413K [0x00000000e7000000, 0x00000000f8700000, 0x0000000100000000)
  eden space 228352K, 100% used [0x00000000e7000000,0x00000000f4f00000,0x00000000f4f00000)
  from space 24064K, 99% used [0x00000000f4f00000,0x00000000f667f5f0,0x00000000f6680000)
  to   space 27648K, 0% used [0x00000000f6c00000,0x00000000f6c00000,0x00000000f8700000)
 ParOldGen       total 347136K, used 289806K [0x00000000b5000000, 0x00000000ca300000, 0x00000000e7000000)
  object space 347136K, 83% used [0x00000000b5000000,0x00000000c6b03ba8,0x00000000ca300000)
 Metaspace       used 170270K, capacity 189174K, committed 189312K, reserved 1214464K
  class space    used 18695K, capacity 23843K, committed 23936K, reserved 1048576K
Event: 4009,666 GC heap after
Heap after GC invocations=209 (full 11):
 PSYoungGen      total 253440K, used 27640K [0x00000000e7000000, 0x00000000f9180000, 0x0000000100000000)
  eden space 225792K, 0% used [0x00000000e7000000,0x00000000e7000000,0x00000000f4c80000)
  from space 27648K, 99% used [0x00000000f6c00000,0x00000000f86fe328,0x00000000f8700000)
  to   space 32256K, 0% used [0x00000000f4c80000,0x00000000f4c80000,0x00000000f6c00000)
 ParOldGen       total 347136K, used 291657K [0x00000000b5000000, 0x00000000ca300000, 0x00000000e7000000)
  object space 347136K, 84% used [0x00000000b5000000,0x00000000c6cd2738,0x00000000ca300000)
 Metaspace       used 170270K, capacity 189174K, committed 189312K, reserved 1214464K
  class space    used 18695K, capacity 23843K, committed 23936K, reserved 1048576K
}
Event: 4014,501 GC heap before
{Heap before GC invocations=210 (full 11):
 PSYoungGen      total 253440K, used 253432K [0x00000000e7000000, 0x00000000f9180000, 0x0000000100000000)
  eden space 225792K, 100% used [0x00000000e7000000,0x00000000f4c80000,0x00000000f4c80000)
  from space 27648K, 99% used [0x00000000f6c00000,0x00000000f86fe328,0x00000000f8700000)
  to   space 32256K, 0% used [0x00000000f4c80000,0x00000000f4c80000,0x00000000f6c00000)
 ParOldGen       total 347136K, used 291657K [0x00000000b5000000, 0x00000000ca300000, 0x00000000e7000000)
  object space 347136K, 84% used [0x00000000b5000000,0x00000000c6cd2738,0x00000000ca300000)
 Metaspace       used 170452K, capacity 189526K, committed 189824K, reserved 1214464K
  class space    used 18712K, capacity 23891K, committed 23936K, reserved 1048576K
Event: 4014,530 GC heap after
Heap after GC invocations=210 (full 11):
 PSYoungGen      total 258048K, used 29319K [0x00000000e7000000, 0x00000000f9780000, 0x0000000100000000)
  eden space 225792K, 0% used [0x00000000e7000000,0x00000000e7000000,0x00000000f4c80000)
  from space 32256K, 90% used [0x00000000f4c80000,0x00000000f6921e88,0x00000000f6c00000)
  to   space 36352K, 0% used [0x00000000f7400000,0x00000000f7400000,0x00000000f9780000)
 ParOldGen       total 347136K, used 292240K [0x00000000b5000000, 0x00000000ca300000, 0x00000000e7000000)
  object space 347136K, 84% used [0x00000000b5000000,0x00000000c6d64228,0x00000000ca300000)
 Metaspace       used 170452K, capacity 189526K, committed 189824K, reserved 1214464K
  class space    used 18712K, capacity 23891K, committed 23936K, reserved 1048576K
}
Event: 4028,971 GC heap before
{Heap before GC invocations=211 (full 11):
 PSYoungGen      total 258048K, used 255111K [0x00000000e7000000, 0x00000000f9780000, 0x0000000100000000)
  eden space 225792K, 100% used [0x00000000e7000000,0x00000000f4c80000,0x00000000f4c80000)
  from space 32256K, 90% used [0x00000000f4c80000,0x00000000f6921e88,0x00000000f6c00000)
  to   space 36352K, 0% used [0x00000000f7400000,0x00000000f7400000,0x00000000f9780000)
 ParOldGen       total 347136K, used 292240K [0x00000000b5000000, 0x00000000ca300000, 0x00000000e7000000)
  object space 347136K, 84% used [0x00000000b5000000,0x00000000c6d64228,0x00000000ca300000)
 Metaspace       used 170468K, capacity 189526K, committed 189824K, reserved 1214464K
  class space    used 18712K, capacity 23891K, committed 23936K, reserved 1048576K
Event: 4028,999 GC heap after
Heap after GC invocations=211 (full 11):
 PSYoungGen      total 263168K, used 29928K [0x00000000e7000000, 0x00000000f9d00000, 0x0000000100000000)
  eden space 226816K, 0% used [0x00000000e7000000,0x00000000e7000000,0x00000000f4d80000)
  from space 36352K, 82% used [0x00000000f7400000,0x00000000f913a018,0x00000000f9780000)
  to   space 39424K, 0% used [0x00000000f4d80000,0x00000000f4d80000,0x00000000f7400000)
 ParOldGen       total 347136K, used 292248K [0x00000000b5000000, 0x00000000ca300000, 0x00000000e7000000)
  object space 347136K, 84% used [0x00000000b5000000,0x00000000c6d66228,0x00000000ca300000)
 Metaspace       used 170468K, capacity 189526K, committed 189824K, reserved 1214464K
  class space    used 18712K, capacity 23891K, committed 23936K, reserved 1048576K
}

