# JRE version: Java(TM) SE Runtime Environment (8.0_144-b01) (build 1.8.0_144-b01)
# Java VM: Java HotSpot(TM) 64-Bit Server VM (25.144-b01 mixed mode linux-amd64 compressed oops)
Heap:
 PSYoungGen      total 372224K, used 42020K [0x00000000e7000000, 0x00000000fff80000, 0x0000000100000000)
  eden space 335360K, 4% used [0x00000000e7000000,0x00000000e7fafa30,0x00000000fb780000)
  from space 36864K, 70% used [0x00000000fb780000,0x00000000fd0d9758,0x00000000fdb80000)
  to   space 36352K, 0% used [0x00000000fdc00000,0x00000000fdc00000,0x00000000fff80000)
 ParOldGen       total 353792K, used 344959K [0x00000000b5000000, 0x00000000ca980000, 0x00000000e7000000)
  object space 353792K, 97% used [0x00000000b5000000,0x00000000ca0dffb8,0x00000000ca980000)
 Metaspace       used 180233K, capacity 198422K, committed 198720K, reserved 1222656K
  class space    used 20143K, capacity 25084K, committed 25192K, reserved 1048576K
GC Heap History (10 events):
Event: 20574,141 GC heap before
{Heap before GC invocations=457 (full 10):
 PSYoungGen      total 372224K, used 361829K [0x00000000e7000000, 0x00000000fff00000, 0x0000000100000000)
  eden space 336896K, 100% used [0x00000000e7000000,0x00000000fb900000,0x00000000fb900000)
  from space 35328K, 70% used [0x00000000fdc80000,0x00000000ff4d96b8,0x00000000fff00000)
  to   space 35840K, 0% used [0x00000000fb900000,0x00000000fb900000,0x00000000fdc00000)
 ParOldGen       total 353792K, used 342756K [0x00000000b5000000, 0x00000000ca980000, 0x00000000e7000000)
  object space 353792K, 96% used [0x00000000b5000000,0x00000000c9eb9148,0x00000000ca980000)
 Metaspace       used 179292K, capacity 196986K, committed 197184K, reserved 1222656K
  class space    used 20026K, capacity 24923K, committed 24936K, reserved 1048576K
Event: 20574,158 GC heap after
Heap after GC invocations=457 (full 10):
 PSYoungGen      total 372736K, used 24939K [0x00000000e7000000, 0x0000000100000000, 0x0000000100000000)
  eden space 336896K, 0% used [0x00000000e7000000,0x00000000e7000000,0x00000000fb900000)
  from space 35840K, 69% used [0x00000000fb900000,0x00000000fd15ac20,0x00000000fdc00000)
  to   space 35840K, 0% used [0x00000000fdd00000,0x00000000fdd00000,0x0000000100000000)
 ParOldGen       total 353792K, used 342788K [0x00000000b5000000, 0x00000000ca980000, 0x00000000e7000000)
  object space 353792K, 96% used [0x00000000b5000000,0x00000000c9ec1148,0x00000000ca980000)
 Metaspace       used 179292K, capacity 196986K, committed 197184K, reserved 1222656K
  class space    used 20026K, capacity 24923K, committed 24936K, reserved 1048576K
}
Event: 20582,620 GC heap before
{Heap before GC invocations=458 (full 10):
 PSYoungGen      total 372736K, used 361835K [0x00000000e7000000, 0x0000000100000000, 0x0000000100000000)
  eden space 336896K, 100% used [0x00000000e7000000,0x00000000fb900000,0x00000000fb900000)
  from space 35840K, 69% used [0x00000000fb900000,0x00000000fd15ac20,0x00000000fdc00000)
  to   space 35840K, 0% used [0x00000000fdd00000,0x00000000fdd00000,0x0000000100000000)
 ParOldGen       total 353792K, used 342788K [0x00000000b5000000, 0x00000000ca980000, 0x00000000e7000000)
  object space 353792K, 96% used [0x00000000b5000000,0x00000000c9ec1148,0x00000000ca980000)
 Metaspace       used 179293K, capacity 196986K, committed 197184K, reserved 1222656K
  class space    used 20026K, capacity 24923K, committed 24936K, reserved 1048576K
Event: 20582,639 GC heap after
Heap after GC invocations=458 (full 10):
 PSYoungGen      total 370688K, used 30540K [0x00000000e7000000, 0x0000000100000000, 0x0000000100000000)
  eden space 334848K, 0% used [0x00000000e7000000,0x00000000e7000000,0x00000000fb700000)
  from space 35840K, 85% used [0x00000000fdd00000,0x00000000ffad3298,0x0000000100000000)
  to   space 37376K, 0% used [0x00000000fb700000,0x00000000fb700000,0x00000000fdb80000)
 ParOldGen       total 353792K, used 342860K [0x00000000b5000000, 0x00000000ca980000, 0x00000000e7000000)
  object space 353792K, 96% used [0x00000000b5000000,0x00000000c9ed3148,0x00000000ca980000)
 Metaspace       used 179293K, capacity 196986K, committed 197184K, reserved 1222656K
  class space    used 20026K, capacity 24923K, committed 24936K, reserved 1048576K
}
Event: 20603,642 GC heap before
{Heap before GC invocations=459 (full 10):
 PSYoungGen      total 370688K, used 365388K [0x00000000e7000000, 0x0000000100000000, 0x0000000100000000)
  eden space 334848K, 100% used [0x00000000e7000000,0x00000000fb700000,0x00000000fb700000)
  from space 35840K, 85% used [0x00000000fdd00000,0x00000000ffad3298,0x0000000100000000)
  to   space 37376K, 0% used [0x00000000fb700000,0x00000000fb700000,0x00000000fdb80000)
 ParOldGen       total 353792K, used 342860K [0x00000000b5000000, 0x00000000ca980000, 0x00000000e7000000)
  object space 353792K, 96% used [0x00000000b5000000,0x00000000c9ed3148,0x00000000ca980000)
 Metaspace       used 179295K, capacity 196986K, committed 197184K, reserved 1222656K
  class space    used 20026K, capacity 24923K, committed 24936K, reserved 1048576K
Event: 20603,664 GC heap after
Heap after GC invocations=459 (full 10):
 PSYoungGen      total 372224K, used 26743K [0x00000000e7000000, 0x0000000100000000, 0x0000000100000000)
  eden space 334848K, 0% used [0x00000000e7000000,0x00000000e7000000,0x00000000fb700000)
  from space 37376K, 71% used [0x00000000fb700000,0x00000000fd11df70,0x00000000fdb80000)
  to   space 36864K, 0% used [0x00000000fdc00000,0x00000000fdc00000,0x0000000100000000)
 ParOldGen       total 353792K, used 342972K [0x00000000b5000000, 0x00000000ca980000, 0x00000000e7000000)
  object space 353792K, 96% used [0x00000000b5000000,0x00000000c9eef148,0x00000000ca980000)
 Metaspace       used 179295K, capacity 196986K, committed 197184K, reserved 1222656K
  class space    used 20026K, capacity 24923K, committed 24936K, reserved 1048576K
}
Event: 20633,888 GC heap before
{Heap before GC invocations=460 (full 10):
 PSYoungGen      total 372224K, used 361591K [0x00000000e7000000, 0x0000000100000000, 0x0000000100000000)
  eden space 334848K, 100% used [0x00000000e7000000,0x00000000fb700000,0x00000000fb700000)
  from space 37376K, 71% used [0x00000000fb700000,0x00000000fd11df70,0x00000000fdb80000)
  to   space 36864K, 0% used [0x00000000fdc00000,0x00000000fdc00000,0x0000000100000000)
 ParOldGen       total 353792K, used 342972K [0x00000000b5000000, 0x00000000ca980000, 0x00000000e7000000)
  object space 353792K, 96% used [0x00000000b5000000,0x00000000c9eef148,0x00000000ca980000)
 Metaspace       used 179304K, capacity 196992K, committed 197184K, reserved 1222656K
  class space    used 20027K, capacity 24924K, committed 24936K, reserved 1048576K
Event: 20633,912 GC heap after
Heap after GC invocations=460 (full 10):
 PSYoungGen      total 371712K, used 26140K [0x00000000e7000000, 0x00000000fff80000, 0x0000000100000000)
  eden space 335360K, 0% used [0x00000000e7000000,0x00000000e7000000,0x00000000fb780000)
  from space 36352K, 71% used [0x00000000fdc00000,0x00000000ff587120,0x00000000fff80000)
  to   space 36864K, 0% used [0x00000000fb780000,0x00000000fb780000,0x00000000fdb80000)
 ParOldGen       total 353792K, used 343568K [0x00000000b5000000, 0x00000000ca980000, 0x00000000e7000000)
  object space 353792K, 97% used [0x00000000b5000000,0x00000000c9f843a8,0x00000000ca980000)
 Metaspace       used 179304K, capacity 196992K, committed 197184K, reserved 1222656K
  class space    used 20027K, capacity 24924K, committed 24936K, reserved 1048576K
}
Event: 20646,810 GC heap before
{Heap before GC invocations=461 (full 10):
 PSYoungGen      total 371712K, used 361500K [0x00000000e7000000, 0x00000000fff80000, 0x0000000100000000)
  eden space 335360K, 100% used [0x00000000e7000000,0x00000000fb780000,0x00000000fb780000)
  from space 36352K, 71% used [0x00000000fdc00000,0x00000000ff587120,0x00000000fff80000)
  to   space 36864K, 0% used [0x00000000fb780000,0x00000000fb780000,0x00000000fdb80000)
 ParOldGen       total 353792K, used 343568K [0x00000000b5000000, 0x00000000ca980000, 0x00000000e7000000)
  object space 353792K, 97% used [0x00000000b5000000,0x00000000c9f843a8,0x00000000ca980000)
 Metaspace       used 180207K, capacity 198294K, committed 198464K, reserved 1222656K
  class space    used 20140K, capacity 25084K, committed 25192K, reserved 1048576K
Event: 20646,835 GC heap after
Heap after GC invocations=461 (full 10):
 PSYoungGen      total 372224K, used 25957K [0x00000000e7000000, 0x00000000fff80000, 0x0000000100000000)
  eden space 335360K, 0% used [0x00000000e7000000,0x00000000e7000000,0x00000000fb780000)
  from space 36864K, 70% used [0x00000000fb780000,0x00000000fd0d9758,0x00000000fdb80000)
  to   space 36352K, 0% used [0x00000000fdc00000,0x00000000fdc00000,0x00000000fff80000)
 ParOldGen       total 353792K, used 344959K [0x00000000b5000000, 0x00000000ca980000, 0x00000000e7000000)
  object space 353792K, 97% used [0x00000000b5000000,0x00000000ca0dffb8,0x00000000ca980000)
 Metaspace       used 180207K, capacity 198294K, committed 198464K, reserved 1222656K
  class space    used 20140K, capacity 25084K, committed 25192K, reserved 1048576K
}

