# JRE version: OpenJDK Runtime Environment (8.0_162-b12) (build 1.8.0_162-8u162-b12-0ubuntu0.16.04.2-b12)
# Java VM: OpenJDK 64-Bit Server VM (25.162-b12 mixed mode linux-amd64 compressed oops)
Heap:
 PSYoungGen      total 338432K, used 167473K [0x00000000e7000000, 0x00000000ffa80000, 0x0000000100000000)
  eden space 275968K, 44% used [0x00000000e7000000,0x00000000ee8b8860,0x00000000f7d80000)
  from space 62464K, 70% used [0x00000000fbd80000,0x00000000fe853ee8,0x00000000ffa80000)
  to   space 64000K, 0% used [0x00000000f7d80000,0x00000000f7d80000,0x00000000fbc00000)
 ParOldGen       total 244224K, used 180366K [0x00000000b5000000, 0x00000000c3e80000, 0x00000000e7000000)
  object space 244224K, 73% used [0x00000000b5000000,0x00000000c0023aa0,0x00000000c3e80000)
 Metaspace       used 136758K, capacity 152936K, committed 153088K, reserved 1181696K
  class space    used 15556K, capacity 19877K, committed 19968K, reserved 1048576K
GC Heap History (10 events):
Event: 457,626 GC heap before
{Heap before GC invocations=58 (full 6):
 PSYoungGen      total 330752K, used 293779K [0x00000000e7000000, 0x00000000ffb00000, 0x0000000100000000)
  eden space 258560K, 99% used [0x00000000e7000000,0x00000000f6c7fba0,0x00000000f6c80000)
  from space 72192K, 48% used [0x00000000f6c80000,0x00000000f8ee5290,0x00000000fb300000)
  to   space 70656K, 0% used [0x00000000fb600000,0x00000000fb600000,0x00000000ffb00000)
 ParOldGen       total 244224K, used 168418K [0x00000000b5000000, 0x00000000c3e80000, 0x00000000e7000000)
  object space 244224K, 68% used [0x00000000b5000000,0x00000000bf478b68,0x00000000c3e80000)
 Metaspace       used 128220K, capacity 143864K, committed 144128K, reserved 1175552K
  class space    used 14698K, capacity 18910K, committed 18944K, reserved 1048576K
Event: 457,803 GC heap after
Heap after GC invocations=58 (full 6):
 PSYoungGen      total 335360K, used 45101K [0x00000000e7000000, 0x00000000ffb80000, 0x0000000100000000)
  eden space 264704K, 0% used [0x00000000e7000000,0x00000000e7000000,0x00000000f7280000)
  from space 70656K, 63% used [0x00000000fb600000,0x00000000fe20b5b8,0x00000000ffb00000)
  to   space 69120K, 0% used [0x00000000f7280000,0x00000000f7280000,0x00000000fb600000)
 ParOldGen       total 244224K, used 177268K [0x00000000b5000000, 0x00000000c3e80000, 0x00000000e7000000)
  object space 244224K, 72% used [0x00000000b5000000,0x00000000bfd1d0c8,0x00000000c3e80000)
 Metaspace       used 128220K, capacity 143864K, committed 144128K, reserved 1175552K
  class space    used 14698K, capacity 18910K, committed 18944K, reserved 1048576K
}
Event: 712,571 GC heap before
{Heap before GC invocations=59 (full 6):
 PSYoungGen      total 335360K, used 309805K [0x00000000e7000000, 0x00000000ffb80000, 0x0000000100000000)
  eden space 264704K, 100% used [0x00000000e7000000,0x00000000f7280000,0x00000000f7280000)
  from space 70656K, 63% used [0x00000000fb600000,0x00000000fe20b5b8,0x00000000ffb00000)
  to   space 69120K, 0% used [0x00000000f7280000,0x00000000f7280000,0x00000000fb600000)
 ParOldGen       total 244224K, used 177268K [0x00000000b5000000, 0x00000000c3e80000, 0x00000000e7000000)
  object space 244224K, 72% used [0x00000000b5000000,0x00000000bfd1d0c8,0x00000000c3e80000)
 Metaspace       used 128774K, capacity 144428K, committed 144768K, reserved 1175552K
  class space    used 14743K, capacity 18957K, committed 19072K, reserved 1048576K
Event: 712,616 GC heap after
Heap after GC invocations=59 (full 6):
 PSYoungGen      total 333824K, used 46285K [0x00000000e7000000, 0x00000000ffc80000, 0x0000000100000000)
  eden space 264704K, 0% used [0x00000000e7000000,0x00000000e7000000,0x00000000f7280000)
  from space 69120K, 66% used [0x00000000f7280000,0x00000000f9fb3630,0x00000000fb600000)
  to   space 68096K, 0% used [0x00000000fba00000,0x00000000fba00000,0x00000000ffc80000)
 ParOldGen       total 244224K, used 177532K [0x00000000b5000000, 0x00000000c3e80000, 0x00000000e7000000)
  object space 244224K, 72% used [0x00000000b5000000,0x00000000bfd5f3a8,0x00000000c3e80000)
 Metaspace       used 128774K, capacity 144428K, committed 144768K, reserved 1175552K
  class space    used 14743K, capacity 18957K, committed 19072K, reserved 1048576K
}
Event: 723,547 GC heap before
{Heap before GC invocations=60 (full 6):
 PSYoungGen      total 333824K, used 310989K [0x00000000e7000000, 0x00000000ffc80000, 0x0000000100000000)
  eden space 264704K, 100% used [0x00000000e7000000,0x00000000f7280000,0x00000000f7280000)
  from space 69120K, 66% used [0x00000000f7280000,0x00000000f9fb3630,0x00000000fb600000)
  to   space 68096K, 0% used [0x00000000fba00000,0x00000000fba00000,0x00000000ffc80000)
 ParOldGen       total 244224K, used 177532K [0x00000000b5000000, 0x00000000c3e80000, 0x00000000e7000000)
  object space 244224K, 72% used [0x00000000b5000000,0x00000000bfd5f3a8,0x00000000c3e80000)
 Metaspace       used 131871K, capacity 147788K, committed 147840K, reserved 1177600K
  class space    used 15039K, capacity 19298K, committed 19328K, reserved 1048576K
Event: 723,587 GC heap after
Heap after GC invocations=60 (full 6):
 PSYoungGen      total 337920K, used 46892K [0x00000000e7000000, 0x00000000ffb80000, 0x0000000100000000)
  eden space 270848K, 0% used [0x00000000e7000000,0x00000000e7000000,0x00000000f7880000)
  from space 67072K, 69% used [0x00000000fba00000,0x00000000fe7cb110,0x00000000ffb80000)
  to   space 67072K, 0% used [0x00000000f7880000,0x00000000f7880000,0x00000000fba00000)
 ParOldGen       total 244224K, used 177858K [0x00000000b5000000, 0x00000000c3e80000, 0x00000000e7000000)
  object space 244224K, 72% used [0x00000000b5000000,0x00000000bfdb08b0,0x00000000c3e80000)
 Metaspace       used 131871K, capacity 147788K, committed 147840K, reserved 1177600K
  class space    used 15039K, capacity 19298K, committed 19328K, reserved 1048576K
}
Event: 743,364 GC heap before
{Heap before GC invocations=61 (full 6):
 PSYoungGen      total 337920K, used 317740K [0x00000000e7000000, 0x00000000ffb80000, 0x0000000100000000)
  eden space 270848K, 100% used [0x00000000e7000000,0x00000000f7880000,0x00000000f7880000)
  from space 67072K, 69% used [0x00000000fba00000,0x00000000fe7cb110,0x00000000ffb80000)
  to   space 67072K, 0% used [0x00000000f7880000,0x00000000f7880000,0x00000000fba00000)
 ParOldGen       total 244224K, used 177858K [0x00000000b5000000, 0x00000000c3e80000, 0x00000000e7000000)
  object space 244224K, 72% used [0x00000000b5000000,0x00000000bfdb08b0,0x00000000c3e80000)
 Metaspace       used 135041K, capacity 151216K, committed 151424K, reserved 1181696K
  class space    used 15409K, capacity 19777K, committed 19840K, reserved 1048576K
Event: 743,406 GC heap after
Heap after GC invocations=61 (full 6):
 PSYoungGen      total 337920K, used 46977K [0x00000000e7000000, 0x00000000ffe00000, 0x0000000100000000)
  eden space 270848K, 0% used [0x00000000e7000000,0x00000000e7000000,0x00000000f7880000)
  from space 67072K, 70% used [0x00000000f7880000,0x00000000fa6606c0,0x00000000fba00000)
  to   space 66048K, 0% used [0x00000000fbd80000,0x00000000fbd80000,0x00000000ffe00000)
 ParOldGen       total 244224K, used 179854K [0x00000000b5000000, 0x00000000c3e80000, 0x00000000e7000000)
  object space 244224K, 73% used [0x00000000b5000000,0x00000000bffa3a80,0x00000000c3e80000)
 Metaspace       used 135041K, capacity 151216K, committed 151424K, reserved 1181696K
  class space    used 15409K, capacity 19777K, committed 19840K, reserved 1048576K
}
Event: 760,783 GC heap before
{Heap before GC invocations=62 (full 6):
 PSYoungGen      total 337920K, used 317825K [0x00000000e7000000, 0x00000000ffe00000, 0x0000000100000000)
  eden space 270848K, 100% used [0x00000000e7000000,0x00000000f7880000,0x00000000f7880000)
  from space 67072K, 70% used [0x00000000f7880000,0x00000000fa6606c0,0x00000000fba00000)
  to   space 66048K, 0% used [0x00000000fbd80000,0x00000000fbd80000,0x00000000ffe00000)
 ParOldGen       total 244224K, used 179854K [0x00000000b5000000, 0x00000000c3e80000, 0x00000000e7000000)
  object space 244224K, 73% used [0x00000000b5000000,0x00000000bffa3a80,0x00000000c3e80000)
 Metaspace       used 135942K, capacity 152060K, committed 152192K, reserved 1181696K
  class space    used 15474K, capacity 19832K, committed 19840K, reserved 1048576K
Event: 760,845 GC heap after
Heap after GC invocations=62 (full 6):
 PSYoungGen      total 338432K, used 43855K [0x00000000e7000000, 0x00000000ffa80000, 0x0000000100000000)
  eden space 275968K, 0% used [0x00000000e7000000,0x00000000e7000000,0x00000000f7d80000)
  from space 62464K, 70% used [0x00000000fbd80000,0x00000000fe853ee8,0x00000000ffa80000)
  to   space 64000K, 0% used [0x00000000f7d80000,0x00000000f7d80000,0x00000000fbc00000)
 ParOldGen       total 244224K, used 180366K [0x00000000b5000000, 0x00000000c3e80000, 0x00000000e7000000)
  object space 244224K, 73% used [0x00000000b5000000,0x00000000c0023aa0,0x00000000c3e80000)
 Metaspace       used 135942K, capacity 152060K, committed 152192K, reserved 1181696K
  class space    used 15474K, capacity 19832K, committed 19840K, reserved 1048576K
}

